<?xml version="1.0" encoding="UTF-8"?>
<!-- Generated by org.testng.reporters.JUnitReportReporter -->
<testsuite hostname="DESKTOP-GH2VESU" failures="0" tests="1" name="AssignLeaveFunctionalityTestcases" time="19.549" errors="0" timestamp="2023-06-09T14:14:51 IST" skipped="0">
  <testcase classname="AssignLeaveFunctionalityTestcases" name="AssignLeaveSection" time="19.549"/>
  <system-out/>
</testsuite> <!-- AssignLeaveFunctionalityTestcases -->
