<?xml version="1.0" encoding="UTF-8"?>
<!-- Generated by org.testng.reporters.JUnitReportReporter -->
<testsuite hostname="DESKTOP-GH2VESU" failures="0" tests="1" name="EmployeeEntitlementTestcases" time="44.511" errors="0" timestamp="2023-06-09T14:47:07 IST" skipped="0">
  <testcase classname="EmployeeEntitlementTestcases" name="EmployeeEntitlementSectionOeTestecase" time="44.511"/>
  <system-out/>
</testsuite> <!-- EmployeeEntitlementTestcases -->
