<?xml version="1.0" encoding="UTF-8"?>
<!-- Generated by org.testng.reporters.JUnitReportReporter -->
<testsuite hostname="DESKTOP-GH2VESU" failures="0" tests="1" name="MyLeaveUITestcase" time="23.453" errors="0" timestamp="2023-05-31T13:52:52 IST" skipped="0">
  <testcase classname="MyLeaveUITestcase" name="MyLeaveUITestCase" time="23.453"/>
  <system-out/>
</testsuite> <!-- MyLeaveUITestcase -->
