<?xml version="1.0" encoding="UTF-8"?>
<!-- Generated by org.testng.reporters.JUnitReportReporter -->
<testsuite hostname="DESKTOP-GH2VESU" failures="0" tests="1" name="LeaveListUITestcases" time="17.458" errors="0" timestamp="2023-06-08T18:42:57 IST" skipped="0">
  <testcase classname="LeaveListUITestcases" name="LeaveListUISection" time="17.458"/>
  <system-out/>
</testsuite> <!-- LeaveListUITestcases -->
