<?xml version="1.0" encoding="UTF-8"?>
<!-- Generated by org.testng.reporters.JUnitReportReporter -->
<testsuite hostname="DESKTOP-GH2VESU" failures="0" tests="1" name="ConfigureUITestcases" time="39.498" errors="0" timestamp="2023-06-09T16:03:45 IST" skipped="0">
  <testcase classname="ConfigureUITestcases" name="Configure" time="39.498"/>
  <system-out/>
</testsuite> <!-- ConfigureUITestcases -->
