<?xml version="1.0" encoding="UTF-8"?>
<!-- Generated by org.testng.reporters.JUnitReportReporter -->
<testsuite hostname="DESKTOP-GH2VESU" failures="0" tests="1" name="MyEntitlementTestcases" time="45.393" errors="0" timestamp="2023-06-09T14:55:35 IST" skipped="0">
  <testcase classname="MyEntitlementTestcases" name="AddEntitlementSectionOeTestecase" time="45.393"/>
  <system-out/>
</testsuite> <!-- MyEntitlementTestcases -->
