<?xml version="1.0" encoding="UTF-8"?>
<!-- Generated by org.testng.reporters.JUnitReportReporter -->
<testsuite hostname="DESKTOP-GH2VESU" failures="0" tests="1" name="HolidaysTestcases" time="19.472" errors="0" timestamp="2023-06-09T16:55:14 IST" skipped="0">
  <testcase classname="HolidaysTestcases" name="HolidaysTestcases" time="19.472"/>
  <system-out/>
</testsuite> <!-- HolidaysTestcases -->
