<?xml version="1.0" encoding="UTF-8"?>
<!-- Generated by org.testng.reporters.JUnitReportReporter -->
<testsuite hostname="DESKTOP-GH2VESU" failures="0" tests="1" name="EntitlementUITestcases" time="56.792" errors="0" timestamp="2023-06-06T13:31:18 IST" skipped="0">
  <testcase classname="EntitlementUITestcases" name="EntitlementDropdownListTestcase" time="56.792"/>
  <system-out/>
</testsuite> <!-- EntitlementUITestcases -->
