<?xml version="1.0" encoding="UTF-8"?>
<!-- Generated by org.testng.reporters.JUnitReportReporter -->
<testsuite hostname="DESKTOP-GH2VESU" failures="0" tests="1" name="MyLeaveFunctionalityTestcases" time="17.989" errors="0" timestamp="2023-06-08T16:57:29 IST" skipped="0">
  <testcase classname="MyLeaveFunctionalityTestcases" name="MyLeaveTestcase" time="17.989"/>
  <system-out/>
</testsuite> <!-- MyLeaveFunctionalityTestcases -->
