<?xml version="1.0" encoding="UTF-8"?>
<!-- Generated by org.testng.reporters.JUnitReportReporter -->
<testsuite hostname="DESKTOP-GH2VESU" failures="0" tests="1" name="AssignLeaveUITestcases" time="29.636" errors="0" timestamp="2023-06-08T19:07:23 IST" skipped="0">
  <testcase classname="AssignLeaveUITestcases" name="AssignLeaveUI" time="29.636"/>
  <system-out/>
</testsuite> <!-- AssignLeaveUITestcases -->
