<?xml version="1.0" encoding="UTF-8"?>
<!-- Generated by org.testng.reporters.JUnitReportReporter -->
<testsuite hostname="DESKTOP-GH2VESU" failures="0" tests="1" name="ApplyUITestCases" time="31.099" errors="0" timestamp="2023-05-31T13:50:34 IST" skipped="0">
  <testcase classname="ApplyUITestCases" name="ApplyUIMessageTestCase" time="31.099"/>
  <system-out/>
</testsuite> <!-- ApplyUITestCases -->
