<?xml version="1.0" encoding="UTF-8"?>
<!-- Generated by org.testng.reporters.JUnitReportReporter -->
<testsuite hostname="DESKTOP-GH2VESU" failures="0" tests="1" name="LeaveListTestcase" time="16.854" errors="0" timestamp="2023-06-08T18:44:09 IST" skipped="0">
  <testcase classname="LeaveListTestcase" name="LeaveList" time="16.854"/>
  <system-out/>
</testsuite> <!-- LeaveListTestcase -->
