<?xml version="1.0" encoding="UTF-8"?>
<!-- Generated by org.testng.reporters.JUnitReportReporter -->
<testsuite hostname="DESKTOP-GH2VESU" failures="0" tests="1" name="AddEntitlementFunctionalityTestcases" time="17.009" errors="0" timestamp="2023-06-09T14:30:23 IST" skipped="0">
  <testcase classname="AddEntitlementFunctionalityTestcases" name="AddEntitlementSectionOeTestecase" time="17.009"/>
  <system-out/>
</testsuite> <!-- AddEntitlementFunctionalityTestcases -->
