<?xml version="1.0" encoding="UTF-8"?>
<!-- Generated by org.testng.reporters.JUnitReportReporter -->
<testsuite hostname="DESKTOP-GH2VESU" failures="0" tests="1" name="LeavePeriodTestcases" time="33.778" errors="0" timestamp="2023-06-09T16:23:52 IST" skipped="0">
  <testcase classname="LeavePeriodTestcases" name="LeavePeriod" time="33.778"/>
  <system-out/>
</testsuite> <!-- LeavePeriodTestcases -->
